#
# A fatal error has been detected by the Java Runtime Environment:
#
#  EXCEPTION_ACCESS_VIOLATION (0xc0000005) at pc=0x0000000056de28b3, pid=2244, tid=0x0000000000003dbc
#
# JRE version: OpenJDK Runtime Environment (8.0_152-b06) (build 1.8.0_152-release-1136-b06)
# Java VM: OpenJDK 64-Bit Server VM (25.152-b06 mixed mode windows-amd64 compressed oops)
# Problematic frame:
# V  [jvm.dll+0x4c28b3]
#
# Failed to write core dump. Minidumps are not enabled by default on client versions of Windows
#
# If you would like to submit a bug report, please visit:
#   http://bugreport.java.com/bugreport/crash.jsp
#

---------------  T H R E A D  ---------------

Current thread (0x0000000018af5000):  JavaThread "C2 CompilerThread5" daemon [_thread_in_native, id=15804, stack(0x000000001ac50000,0x000000001ad50000)]

siginfo: ExceptionCode=0xc0000005, writing address 0x000000030000457b

Registers:
RAX=0x0000000300000003, RBX=0x000000001faa98a8, RCX=0x00000000000008af, RDX=0x00000000000008af
RSP=0x000000001ad4c230, RBP=0x0000000000000010, RSI=0x000000001ed11700, RDI=0x000000002d2c6400
R8 =0xfffffffff1a4b300, R9 =0x000000002d2c2730, R10=0x000000002bcf9250, R11=0x0000000000000030
R12=0x0000000000000002, R13=0x000000001ad4e830, R14=0x0000000000000001, R15=0x000000001ad4c5a0
RIP=0x0000000056de28b3, EFLAGS=0x0000000000010206

Top of Stack: (sp=0x000000001ad4c230)
0x000000001ad4c230:   000000002bcf87d8 0000000056d3c9a7
0x000000001ad4c240:   000000002bcf8b90 000000001ad4c2b8
0x000000001ad4c250:   000000001ed11700 000000002c05c688
0x000000001ad4c260:   000000001ed11700 0000000056dd3215
0x000000001ad4c270:   0000000000000000 000000001ad4c2b8
0x000000001ad4c280:   fffffffffffffff8 0000000000000000
0x000000001ad4c290:   000000002da52b50 000000002dac0080
0x000000001ad4c2a0:   000000002da3aa80 0000000017047fb0
0x000000001ad4c2b0:   0000000000000001 000000001ad4e9f8
0x000000001ad4c2c0:   0000000000000010 0000000000002158
0x000000001ad4c2d0:   000000001ad4c330 0000000056dd3ccd
0x000000001ad4c2e0:   000000001ad4e830 000000001ad4c5a0
0x000000001ad4c2f0:   000000001ad4c5a0 0000000000000000
0x000000001ad4c300:   0000000000000000 0000000000000000
0x000000001ad4c310:   0000000000000000 0000000000000000
0x000000001ad4c320:   0000000000000000 0000000056dcdf6c 

Instructions: (pc=0x0000000056de28b3)
0x0000000056de2893:   74 25 48 83 7b 10 00 74 1e 8b 53 20 3b 53 24 75
0x0000000056de28a3:   08 48 8b cb e8 d4 f4 ff ff 8b 4b 20 48 8b 43 10
0x0000000056de28b3:   48 89 3c c8 ff 43 20 41 ff c4 48 83 c5 08 44 3b
0x0000000056de28c3:   66 1c 72 b9 0f b6 46 2e c0 e8 03 a8 01 74 26 49 


Register to memory mapping:

RAX=0x0000000300000003 is an unknown value
RBX=0x000000001faa98a8 is an unknown value
RCX=0x00000000000008af is an unknown value
RDX=0x00000000000008af is an unknown value
RSP=0x000000001ad4c230 is pointing into the stack for thread: 0x0000000018af5000
RBP=0x0000000000000010 is an unknown value
RSI=0x000000001ed11700 is an unknown value
RDI=0x000000002d2c6400 is an unknown value
R8 =0xfffffffff1a4b300 is an unknown value
R9 =0x000000002d2c2730 is an unknown value
R10=0x000000002bcf9250 is an unknown value
R11=0x0000000000000030 is an unknown value
R12=0x0000000000000002 is an unknown value
R13=0x000000001ad4e830 is pointing into the stack for thread: 0x0000000018af5000
R14=0x0000000000000001 is an unknown value
R15=0x000000001ad4c5a0 is pointing into the stack for thread: 0x0000000018af5000


Stack: [0x000000001ac50000,0x000000001ad50000],  sp=0x000000001ad4c230,  free space=1008k
Native frames: (J=compiled Java code, j=interpreted, Vv=VM code, C=native code)
V  [jvm.dll+0x4c28b3]
V  [jvm.dll+0x4b3215]
V  [jvm.dll+0x4b3ccd]
V  [jvm.dll+0x43f7b1]
V  [jvm.dll+0x44226e]
V  [jvm.dll+0x4252c2]
V  [jvm.dll+0x813d8]
V  [jvm.dll+0x81d0f]
V  [jvm.dll+0x21d41f]
V  [jvm.dll+0x26d9aa]
C  [msvcr100.dll+0x21d9f]
C  [msvcr100.dll+0x21e3b]
C  [KERNEL32.DLL+0x13034]
C  [ntdll.dll+0x71471]


Current CompileTask:
C2: 977116 24086       4       com.android.tools.r8.ir.optimize.DeadCodeRemover::removeDeadPhis (104 bytes)


---------------  P R O C E S S  ---------------

Java Threads: ( => current thread )
  0x0000000026b1c000 JavaThread "pool-57-thread-2" [_thread_blocked, id=16804, stack(0x0000000041eb0000,0x0000000041fb0000)]
  0x0000000026b1a800 JavaThread "pool-57-thread-1" [_thread_blocked, id=15916, stack(0x0000000041db0000,0x0000000041eb0000)]
  0x0000000026b1b800 JavaThread "pool-56-thread-2" [_thread_blocked, id=16976, stack(0x0000000041cb0000,0x0000000041db0000)]
  0x0000000026b17800 JavaThread "pool-56-thread-1" [_thread_blocked, id=5912, stack(0x0000000041bb0000,0x0000000041cb0000)]
  0x0000000026b18800 JavaThread "pool-55-thread-2" [_thread_blocked, id=4268, stack(0x0000000041ab0000,0x0000000041bb0000)]
  0x0000000026b1a000 JavaThread "pool-55-thread-1" [_thread_blocked, id=14656, stack(0x00000000419b0000,0x0000000041ab0000)]
  0x0000000026b19000 JavaThread "pool-54-thread-2" [_thread_blocked, id=17040, stack(0x00000000418b0000,0x00000000419b0000)]
  0x0000000026b14800 JavaThread "pool-54-thread-1" [_thread_blocked, id=9484, stack(0x00000000417b0000,0x00000000418b0000)]
  0x0000000026b13800 JavaThread "pool-53-thread-2" [_thread_blocked, id=17184, stack(0x00000000416b0000,0x00000000417b0000)]
  0x0000000026b15800 JavaThread "pool-53-thread-1" [_thread_blocked, id=1332, stack(0x00000000415b0000,0x00000000416b0000)]
  0x0000000028ce4800 JavaThread "pool-51-thread-2" [_thread_blocked, id=13300, stack(0x00000000412b0000,0x00000000413b0000)]
  0x0000000028ce3000 JavaThread "pool-51-thread-1" [_thread_blocked, id=9748, stack(0x00000000411b0000,0x00000000412b0000)]
  0x0000000028cdb800 JavaThread "pool-50-thread-2" [_thread_blocked, id=16612, stack(0x00000000410b0000,0x00000000411b0000)]
  0x0000000028cda800 JavaThread "pool-50-thread-1" [_thread_blocked, id=16476, stack(0x0000000040fb0000,0x00000000410b0000)]
  0x0000000028cdf000 JavaThread "pool-48-thread-2" [_thread_blocked, id=3384, stack(0x0000000040cb0000,0x0000000040db0000)]
  0x0000000028cdd800 JavaThread "pool-48-thread-1" [_thread_blocked, id=7068, stack(0x0000000040bb0000,0x0000000040cb0000)]
  0x0000000028ce0000 JavaThread "pool-47-thread-2" [_thread_blocked, id=16344, stack(0x0000000040ab0000,0x0000000040bb0000)]
  0x0000000028cde800 JavaThread "pool-47-thread-1" [_thread_blocked, id=16684, stack(0x00000000409b0000,0x0000000040ab0000)]
  0x0000000026b23000 JavaThread "pool-45-thread-2" [_thread_blocked, id=16724, stack(0x00000000406b0000,0x00000000407b0000)]
  0x0000000026b20000 JavaThread "pool-45-thread-1" [_thread_blocked, id=8800, stack(0x00000000405b0000,0x00000000406b0000)]
  0x0000000028ce0800 JavaThread "pool-18-thread-2" [_thread_blocked, id=14288, stack(0x000000003d7b0000,0x000000003d8b0000)]
  0x0000000028cd7800 JavaThread "pool-21-thread-2" [_thread_blocked, id=13936, stack(0x000000003d1b0000,0x000000003d2b0000)]
  0x0000000028cda000 JavaThread "pool-18-thread-1" [_thread_blocked, id=16524, stack(0x000000003ccb0000,0x000000003cdb0000)]
  0x0000000028cd7000 JavaThread "pool-22-thread-2" [_thread_blocked, id=3508, stack(0x000000003cab0000,0x000000003cbb0000)]
  0x000000001ee46000 JavaThread "pool-19-thread-2" [_thread_blocked, id=10180, stack(0x000000003c3b0000,0x000000003c4b0000)]
  0x000000001e937000 JavaThread "pool-20-thread-2" [_thread_blocked, id=13496, stack(0x000000003c0b0000,0x000000003c1b0000)]
  0x000000001e931000 JavaThread "pool-20-thread-1" [_thread_blocked, id=764, stack(0x000000003beb0000,0x000000003bfb0000)]
  0x000000001e928800 JavaThread "pool-22-thread-1" [_thread_blocked, id=14504, stack(0x000000003bdb0000,0x000000003beb0000)]
  0x000000001e929800 JavaThread "pool-21-thread-1" [_thread_blocked, id=10148, stack(0x000000003bcb0000,0x000000003bdb0000)]
  0x000000001e928000 JavaThread "pool-19-thread-1" [_thread_blocked, id=16328, stack(0x000000003bbb0000,0x000000003bcb0000)]
  0x000000001e92e800 JavaThread "ForkJoinPool.commonPool-worker-0" daemon [_thread_blocked, id=7932, stack(0x000000003bab0000,0x000000003bbb0000)]
  0x000000001e92d000 JavaThread "ForkJoinPool.commonPool-worker-7" daemon [_thread_blocked, id=14576, stack(0x000000003b9b0000,0x000000003bab0000)]
  0x000000001f08a000 JavaThread "ForkJoinPool.commonPool-worker-14" daemon [_thread_blocked, id=14520, stack(0x000000003b8b0000,0x000000003b9b0000)]
  0x000000001f082800 JavaThread "ForkJoinPool.commonPool-worker-5" daemon [_thread_blocked, id=6932, stack(0x000000003b7b0000,0x000000003b8b0000)]
  0x000000001f087800 JavaThread "ForkJoinPool.commonPool-worker-12" daemon [_thread_blocked, id=17004, stack(0x000000003b6b0000,0x000000003b7b0000)]
  0x000000001f084800 JavaThread "ForkJoinPool.commonPool-worker-3" daemon [_thread_blocked, id=6340, stack(0x000000003b5b0000,0x000000003b6b0000)]
  0x000000001f087000 JavaThread "ForkJoinPool.commonPool-worker-10" daemon [_thread_blocked, id=17380, stack(0x000000003b4b0000,0x000000003b5b0000)]
  0x000000001f089000 JavaThread "ForkJoinPool.commonPool-worker-1" daemon [_thread_blocked, id=2684, stack(0x000000003b3b0000,0x000000003b4b0000)]
  0x000000001f084000 JavaThread "ForkJoinPool.commonPool-worker-8" daemon [_thread_blocked, id=11220, stack(0x000000003b2b0000,0x000000003b3b0000)]
  0x000000001f07c800 JavaThread "ForkJoinPool.commonPool-worker-15" daemon [_thread_blocked, id=7352, stack(0x000000003b1b0000,0x000000003b2b0000)]
  0x000000001f07f800 JavaThread "ForkJoinPool.commonPool-worker-6" daemon [_thread_blocked, id=16792, stack(0x000000003b0b0000,0x000000003b1b0000)]
  0x000000001f07e000 JavaThread "ForkJoinPool.commonPool-worker-13" daemon [_thread_blocked, id=16032, stack(0x000000003afb0000,0x000000003b0b0000)]
  0x000000001f081000 JavaThread "ForkJoinPool.commonPool-worker-4" daemon [_thread_blocked, id=17340, stack(0x000000003aeb0000,0x000000003afb0000)]
  0x000000001f083000 JavaThread "ForkJoinPool.commonPool-worker-11" daemon [_thread_blocked, id=16760, stack(0x000000003adb0000,0x000000003aeb0000)]
  0x000000001f07b000 JavaThread "ForkJoinPool.commonPool-worker-2" daemon [_thread_blocked, id=9600, stack(0x00000000392b0000,0x00000000393b0000)]
  0x000000001f080000 JavaThread "Cache worker for Java compile cache (C:\Users\Lefteris\AndroidStudioProjects\recommendationSystemClientApp\.gradle\4.4\javaCompile)" [_thread_blocked, id=15920, stack(0x00000000391b0000,0x00000000392b0000)]
  0x000000001ee45000 JavaThread "Worker Daemon Execution Thread 5" [_thread_blocked, id=8356, stack(0x0000000035eb0000,0x0000000035fb0000)]
  0x000000001ee43000 JavaThread "Worker Daemon Execution Thread 4" [_thread_blocked, id=16252, stack(0x0000000035db0000,0x0000000035eb0000)]
  0x000000001ee3d000 JavaThread "Worker Daemon Execution Thread 3" [_thread_blocked, id=16536, stack(0x0000000035cb0000,0x0000000035db0000)]
  0x000000001ee3b800 JavaThread "Worker Daemon Execution Thread 2" [_thread_blocked, id=16236, stack(0x0000000035bb0000,0x0000000035cb0000)]
  0x000000001ee42000 JavaThread "Worker Daemon Execution" [_thread_blocked, id=16652, stack(0x0000000035ab0000,0x0000000035bb0000)]
  0x000000001ee3a000 JavaThread "Task worker for ':' Thread 15" [_thread_blocked, id=17264, stack(0x00000000359b0000,0x0000000035ab0000)]
  0x000000001ee3a800 JavaThread "Task worker for ':' Thread 14" [_thread_blocked, id=15796, stack(0x00000000358b0000,0x00000000359b0000)]
  0x000000001ee3d800 JavaThread "Task worker for ':' Thread 13" [_thread_blocked, id=7728, stack(0x00000000357b0000,0x00000000358b0000)]
  0x000000001ee40800 JavaThread "Task worker for ':' Thread 12" [_thread_blocked, id=4944, stack(0x00000000356b0000,0x00000000357b0000)]
  0x000000001ee39000 JavaThread "Task worker for ':' Thread 11" [_thread_blocked, id=16840, stack(0x00000000355b0000,0x00000000356b0000)]
  0x000000001ee3c000 JavaThread "Task worker for ':' Thread 10" [_thread_blocked, id=16620, stack(0x00000000354b0000,0x00000000355b0000)]
  0x000000001ee3e800 JavaThread "Task worker for ':' Thread 9" [_thread_blocked, id=16628, stack(0x00000000353b0000,0x00000000354b0000)]
  0x000000001ee40000 JavaThread "Task worker for ':' Thread 8" [_thread_blocked, id=16632, stack(0x00000000352b0000,0x00000000353b0000)]
  0x00000000210e7000 JavaThread "Task worker for ':' Thread 7" [_thread_blocked, id=15592, stack(0x00000000351b0000,0x00000000352b0000)]
  0x00000000210eb800 JavaThread "Task worker for ':' Thread 6" [_thread_blocked, id=16796, stack(0x00000000350b0000,0x00000000351b0000)]
  0x00000000210eb000 JavaThread "Task worker for ':' Thread 5" [_thread_blocked, id=10432, stack(0x0000000034fb0000,0x00000000350b0000)]
  0x00000000210ea000 JavaThread "Task worker for ':' Thread 4" [_thread_blocked, id=16644, stack(0x0000000034eb0000,0x0000000034fb0000)]
  0x00000000210e5800 JavaThread "Task worker for ':' Thread 3" [_thread_blocked, id=16568, stack(0x0000000034db0000,0x0000000034eb0000)]
  0x00000000210e8800 JavaThread "Task worker for ':' Thread 2" [_thread_blocked, id=7564, stack(0x0000000034cb0000,0x0000000034db0000)]
  0x00000000210ec800 JavaThread "Task worker for ':'" [_thread_blocked, id=16668, stack(0x0000000034bb0000,0x0000000034cb0000)]
  0x00000000210e8000 JavaThread "Cache worker for Build Output Cleanup Cache (C:\Users\Lefteris\AndroidStudioProjects\recommendationSystemClientApp\.gradle\buildOutputCleanup)" [_thread_blocked, id=10100, stack(0x0000000034ab0000,0x0000000034bb0000)]
  0x00000000210e9800 JavaThread "Cache worker for task history cache (C:\Users\Lefteris\AndroidStudioProjects\recommendationSystemClientApp\.gradle\4.4\taskHistory)" [_thread_blocked, id=16452, stack(0x00000000349b0000,0x0000000034ab0000)]
  0x00000000210de000 JavaThread "Cache worker for file content cache (C:\Users\Lefteris\AndroidStudioProjects\recommendationSystemClientApp\.gradle\4.4\fileContent)" [_thread_blocked, id=14528, stack(0x00000000348b0000,0x00000000349b0000)]
  0x00000000210e4000 JavaThread "build operations Thread 16" [_thread_blocked, id=13948, stack(0x00000000347b0000,0x00000000348b0000)]
  0x00000000210e3000 JavaThread "build operations Thread 15" [_thread_blocked, id=17136, stack(0x00000000346b0000,0x00000000347b0000)]
  0x00000000210e2800 JavaThread "build operations Thread 14" [_thread_blocked, id=8860, stack(0x00000000345b0000,0x00000000346b0000)]
  0x00000000210dd000 JavaThread "build operations Thread 13" [_thread_blocked, id=16952, stack(0x00000000344b0000,0x00000000345b0000)]
  0x00000000210de800 JavaThread "build operations Thread 12" [_thread_blocked, id=15788, stack(0x00000000343b0000,0x00000000344b0000)]
  0x00000000210e1800 JavaThread "build operations Thread 11" [_thread_blocked, id=14628, stack(0x00000000342b0000,0x00000000343b0000)]
  0x00000000210e0000 JavaThread "build operations Thread 10" [_thread_blocked, id=15340, stack(0x00000000341b0000,0x00000000342b0000)]
  0x00000000210e1000 JavaThread "build operations Thread 9" [_thread_blocked, id=15436, stack(0x00000000340b0000,0x00000000341b0000)]
  0x00000000210df800 JavaThread "build operations Thread 8" [_thread_blocked, id=14964, stack(0x0000000033fb0000,0x00000000340b0000)]
  0x0000000022a96800 JavaThread "build operations Thread 7" [_thread_blocked, id=17228, stack(0x0000000033eb0000,0x0000000033fb0000)]
  0x0000000022a95800 JavaThread "build operations Thread 6" [_thread_blocked, id=17256, stack(0x0000000033db0000,0x0000000033eb0000)]
  0x0000000022a95000 JavaThread "build operations Thread 5" [_thread_blocked, id=17240, stack(0x0000000033cb0000,0x0000000033db0000)]
  0x0000000022a93800 JavaThread "build operations Thread 4" [_thread_blocked, id=17252, stack(0x0000000033bb0000,0x0000000033cb0000)]
  0x0000000022a92000 JavaThread "build operations Thread 3" [_thread_blocked, id=17276, stack(0x0000000033ab0000,0x0000000033bb0000)]
  0x0000000022a94000 JavaThread "build operations Thread 2" [_thread_blocked, id=17220, stack(0x00000000339b0000,0x0000000033ab0000)]
  0x0000000022a98800 JavaThread "build operations" [_thread_blocked, id=17224, stack(0x00000000338b0000,0x00000000339b0000)]
  0x0000000022a91000 JavaThread "Cache worker for Artifact transforms cache (C:\Users\Lefteris\.gradle\caches\transforms-1)" [_thread_blocked, id=15408, stack(0x00000000337b0000,0x00000000338b0000)]
  0x0000000022a8a000 JavaThread "Cache worker for file hash cache (C:\Users\Lefteris\AndroidStudioProjects\recommendationSystemClientApp\.gradle\4.4\fileHashes)" [_thread_blocked, id=17260, stack(0x00000000336b0000,0x00000000337b0000)]
  0x0000000022a90000 JavaThread "Stdin handler" [_thread_blocked, id=17244, stack(0x00000000335b0000,0x00000000336b0000)]
  0x0000000022a8f800 JavaThread "Asynchronous log dispatcher for DefaultDaemonConnection: socket connection from /127.0.0.1:50506 to /127.0.0.1:50854" [_thread_blocked, id=17272, stack(0x00000000334b0000,0x00000000335b0000)]
  0x0000000022a8e800 JavaThread "Daemon worker Thread 3" [_thread_blocked, id=13976, stack(0x00000000333b0000,0x00000000334b0000)]
  0x0000000022a8e000 JavaThread "Cancel handler" [_thread_blocked, id=14996, stack(0x00000000332b0000,0x00000000333b0000)]
  0x0000000022a8b800 JavaThread "Handler for socket connection from /127.0.0.1:50506 to /127.0.0.1:50854" [_thread_in_native, id=12132, stack(0x00000000331b0000,0x00000000332b0000)]
  0x0000000022a8d000 JavaThread "Daemon Thread 3" [_thread_blocked, id=10456, stack(0x00000000330b0000,0x00000000331b0000)]
  0x0000000022a97000 JavaThread "MarlinRenderer Disposer" daemon [_thread_blocked, id=8072, stack(0x00000000304b0000,0x00000000305b0000)]
  0x0000000022a8c800 JavaThread "Java2D Disposer" daemon [_thread_blocked, id=14156, stack(0x000000002fbb0000,0x000000002fcb0000)]
  0x000000001e930000 JavaThread "Memory manager" [_thread_blocked, id=16272, stack(0x0000000025250000,0x0000000025350000)]
  0x000000001cbff000 JavaThread "File lock request listener" [_thread_in_native, id=16188, stack(0x000000001e210000,0x000000001e310000)]
  0x000000001cbfc000 JavaThread "Cache worker for file hash cache (C:\Users\Lefteris\.gradle\caches\4.4\fileHashes)" [_thread_blocked, id=6964, stack(0x000000001e110000,0x000000001e210000)]
  0x000000001ca11000 JavaThread "Daemon periodic checks" [_thread_blocked, id=10368, stack(0x000000001d610000,0x000000001d710000)]
  0x000000001c9ea000 JavaThread "Incoming local TCP Connector on port 50506" [_thread_in_native, id=15756, stack(0x000000001d3d0000,0x000000001d4d0000)]
  0x0000000018bc7800 JavaThread "Service Thread" daemon [_thread_blocked, id=15892, stack(0x000000001b450000,0x000000001b550000)]
  0x0000000018af9000 JavaThread "C1 CompilerThread11" daemon [_thread_blocked, id=1656, stack(0x000000001b350000,0x000000001b450000)]
  0x0000000018afb000 JavaThread "C1 CompilerThread10" daemon [_thread_blocked, id=10132, stack(0x000000001b250000,0x000000001b350000)]
  0x0000000018afa800 JavaThread "C1 CompilerThread9" daemon [_thread_blocked, id=9868, stack(0x000000001b150000,0x000000001b250000)]
  0x0000000018af8000 JavaThread "C1 CompilerThread8" daemon [_thread_blocked, id=10236, stack(0x000000001b050000,0x000000001b150000)]
  0x0000000018af7800 JavaThread "C2 CompilerThread7" daemon [_thread_blocked, id=13284, stack(0x000000001ae50000,0x000000001af50000)]
  0x0000000018af9800 JavaThread "C2 CompilerThread6" daemon [_thread_in_native, id=12692, stack(0x000000001ad50000,0x000000001ae50000)]
=>0x0000000018af5000 JavaThread "C2 CompilerThread5" daemon [_thread_in_native, id=15804, stack(0x000000001ac50000,0x000000001ad50000)]
  0x000000001704c800 JavaThread "C2 CompilerThread4" daemon [_thread_in_native, id=12600, stack(0x000000001ab50000,0x000000001ac50000)]
  0x0000000018ae2800 JavaThread "C2 CompilerThread3" daemon [_thread_in_native, id=7096, stack(0x000000001aa50000,0x000000001ab50000)]
  0x0000000018adf800 JavaThread "C2 CompilerThread2" daemon [_thread_blocked, id=11012, stack(0x000000001a950000,0x000000001aa50000)]
  0x0000000018ade800 JavaThread "C2 CompilerThread1" daemon [_thread_in_native, id=12088, stack(0x000000001a850000,0x000000001a950000)]
  0x0000000018adc000 JavaThread "C2 CompilerThread0" daemon [_thread_in_native, id=13672, stack(0x000000001a750000,0x000000001a850000)]
  0x0000000018adb000 JavaThread "Attach Listener" daemon [_thread_blocked, id=10104, stack(0x000000001a650000,0x000000001a750000)]
  0x0000000018ad8800 JavaThread "Signal Dispatcher" daemon [_thread_blocked, id=15188, stack(0x000000001a550000,0x000000001a650000)]
  0x0000000018ac6000 JavaThread "Finalizer" daemon [_thread_blocked, id=7268, stack(0x000000001a330000,0x000000001a430000)]
  0x0000000017039800 JavaThread "Reference Handler" daemon [_thread_blocked, id=584, stack(0x000000001a230000,0x000000001a330000)]
  0x0000000002c7e000 JavaThread "main" [_thread_blocked, id=8736, stack(0x0000000002b40000,0x0000000002c40000)]

Other Threads:
  0x0000000018aa3800 VMThread [stack: 0x000000001a130000,0x000000001a230000] [id=10548]
  0x0000000018bb9000 WatcherThread [stack: 0x000000001b550000,0x000000001b650000] [id=12836]

VM state:at safepoint (normal execution)

VM Mutex/Monitor currently owned by a thread:  ([mutex/lock_event])
[0x0000000002c7d5a0] Threads_lock - owner thread: 0x0000000018aa3800
[0x0000000002c7cd20] Heap_lock - owner thread: 0x0000000028ce3000

Heap:
 PSYoungGen      total 464896K, used 443920K [0x00000000e0000000, 0x0000000100000000, 0x0000000100000000)
  eden space 406528K, 100% used [0x00000000e0000000,0x00000000f8d00000,0x00000000f8d00000)
  from space 58368K, 64% used [0x00000000fc700000,0x00000000feb84290,0x0000000100000000)
  to   space 58880K, 47% used [0x00000000f8d00000,0x00000000fa867ec8,0x00000000fc680000)
 ParOldGen       total 340992K, used 140322K [0x00000000a0000000, 0x00000000b4d00000, 0x00000000e0000000)
  object space 340992K, 41% used [0x00000000a0000000,0x00000000a890ab18,0x00000000b4d00000)
 Metaspace       used 94066K, capacity 98098K, committed 99416K, reserved 1136640K
  class space    used 11648K, capacity 12512K, committed 12928K, reserved 1048576K

Card table byte_map: [0x0000000012140000,0x0000000012450000] byte_map_base: 0x0000000011c40000

Marking Bits: (ParMarkBitMap*) 0x00000000570e5aa0
 Begin Bits: [0x0000000013350000, 0x0000000014b50000)
 End Bits:   [0x0000000014b50000, 0x0000000016350000)

Polling page: 0x0000000002aa0000

CodeCache: size=245760Kb used=65938Kb max_used=66033Kb free=179821Kb
 bounds [0x0000000002d80000, 0x0000000006e60000, 0x0000000011d80000]
 total_blobs=19606 nmethods=18617 adapters=896
 compilation: enabled

Compilation events (10 events):
Event: 976.977 Thread 0x0000000018af9000 24184       2       com.android.tools.r8.code.Format20t::hashCode (13 bytes)
Event: 976.977 Thread 0x0000000018af9000 nmethod 24184 0x00000000068d17d0 code [0x00000000068d1940, 0x00000000068d1ac8]
Event: 976.977 Thread 0x0000000018af9000 24187       2       com.android.tools.r8.graph.DexItemFactory$$Lambda$915/416547370::apply (15 bytes)
Event: 976.977 Thread 0x0000000018af9000 nmethod 24187 0x00000000068d13d0 code [0x00000000068d1520, 0x00000000068d16f0]
Event: 976.977 Thread 0x0000000018af9000 24188       2       com.android.tools.r8.graph.DexDebugEvent$RestartLocal::<init> (10 bytes)
Event: 976.978 Thread 0x0000000018af9000 nmethod 24188 0x00000000068cfb90 code [0x00000000068cfce0, 0x00000000068cfe30]
Event: 976.978 Thread 0x0000000018af9000 24189       1       com.android.tools.r8.it.unimi.dsi.fastutil.objects.Object2IntLinkedOpenHashMap::size (5 bytes)
Event: 976.978 Thread 0x0000000018af9000 nmethod 24189 0x00000000068cf8d0 code [0x00000000068cfa20, 0x00000000068cfb30]
Event: 976.980 Thread 0x0000000018adf800 nmethod 21802% 0x0000000006b32510 code [0x0000000006b327a0, 0x0000000006b338c8]
Event: 976.980 Thread 0x0000000018adf800 24193       4       com.android.tools.r8.ir.code.Value::replaceUsers (170 bytes)

GC Heap History (10 events):
Event: 975.635 GC heap before
{Heap before GC invocations=30 (full 4):
 PSYoungGen      total 333312K, used 286333K [0x00000000e0000000, 0x00000000fc380000, 0x0000000100000000)
  eden space 272384K, 100% used [0x00000000e0000000,0x00000000f0a00000,0x00000000f0a00000)
  from space 60928K, 22% used [0x00000000f0a00000,0x00000000f179f7c0,0x00000000f4580000)
  to   space 59392K, 0% used [0x00000000f8980000,0x00000000f8980000,0x00000000fc380000)
 ParOldGen       total 340992K, used 114669K [0x00000000a0000000, 0x00000000b4d00000, 0x00000000e0000000)
  object space 340992K, 33% used [0x00000000a0000000,0x00000000a6ffb688,0x00000000b4d00000)
 Metaspace       used 93452K, capacity 97436K, committed 98904K, reserved 1134592K
  class space    used 11645K, capacity 12511K, committed 12928K, reserved 1048576K
Event: 975.650 GC heap after
Heap after GC invocations=30 (full 4):
 PSYoungGen      total 399872K, used 20368K [0x00000000e0000000, 0x00000000fbf80000, 0x0000000100000000)
  eden space 344576K, 0% used [0x00000000e0000000,0x00000000e0000000,0x00000000f5080000)
  from space 55296K, 36% used [0x00000000f8980000,0x00000000f9d64120,0x00000000fbf80000)
  to   space 56832K, 0% used [0x00000000f5080000,0x00000000f5080000,0x00000000f8800000)
 ParOldGen       total 340992K, used 114677K [0x00000000a0000000, 0x00000000b4d00000, 0x00000000e0000000)
  object space 340992K, 33% used [0x00000000a0000000,0x00000000a6ffd688,0x00000000b4d00000)
 Metaspace       used 93452K, capacity 97436K, committed 98904K, reserved 1134592K
  class space    used 11645K, capacity 12511K, committed 12928K, reserved 1048576K
}
Event: 975.950 GC heap before
{Heap before GC invocations=31 (full 4):
 PSYoungGen      total 399872K, used 364944K [0x00000000e0000000, 0x00000000fbf80000, 0x0000000100000000)
  eden space 344576K, 100% used [0x00000000e0000000,0x00000000f5080000,0x00000000f5080000)
  from space 55296K, 36% used [0x00000000f8980000,0x00000000f9d64120,0x00000000fbf80000)
  to   space 56832K, 0% used [0x00000000f5080000,0x00000000f5080000,0x00000000f8800000)
 ParOldGen       total 340992K, used 114677K [0x00000000a0000000, 0x00000000b4d00000, 0x00000000e0000000)
  object space 340992K, 33% used [0x00000000a0000000,0x00000000a6ffd688,0x00000000b4d00000)
 Metaspace       used 93526K, capacity 97520K, committed 98904K, reserved 1134592K
  class space    used 11646K, capacity 12511K, committed 12928K, reserved 1048576K
Event: 975.965 GC heap after
Heap after GC invocations=31 (full 4):
 PSYoungGen      total 401408K, used 28880K [0x00000000e0000000, 0x00000000ffe80000, 0x0000000100000000)
  eden space 344576K, 0% used [0x00000000e0000000,0x00000000e0000000,0x00000000f5080000)
  from space 56832K, 50% used [0x00000000f5080000,0x00000000f6cb41b0,0x00000000f8800000)
  to   space 55296K, 0% used [0x00000000fc880000,0x00000000fc880000,0x00000000ffe80000)
 ParOldGen       total 340992K, used 114685K [0x00000000a0000000, 0x00000000b4d00000, 0x00000000e0000000)
  object space 340992K, 33% used [0x00000000a0000000,0x00000000a6fff688,0x00000000b4d00000)
 Metaspace       used 93526K, capacity 97520K, committed 98904K, reserved 1134592K
  class space    used 11646K, capacity 12511K, committed 12928K, reserved 1048576K
}
Event: 976.270 GC heap before
{Heap before GC invocations=32 (full 4):
 PSYoungGen      total 401408K, used 373456K [0x00000000e0000000, 0x00000000ffe80000, 0x0000000100000000)
  eden space 344576K, 100% used [0x00000000e0000000,0x00000000f5080000,0x00000000f5080000)
  from space 56832K, 50% used [0x00000000f5080000,0x00000000f6cb41b0,0x00000000f8800000)
  to   space 55296K, 0% used [0x00000000fc880000,0x00000000fc880000,0x00000000ffe80000)
 ParOldGen       total 340992K, used 114685K [0x00000000a0000000, 0x00000000b4d00000, 0x00000000e0000000)
  object space 340992K, 33% used [0x00000000a0000000,0x00000000a6fff688,0x00000000b4d00000)
 Metaspace       used 93675K, capacity 97724K, committed 99160K, reserved 1136640K
  class space    used 11647K, capacity 12511K, committed 12928K, reserved 1048576K
Event: 976.290 GC heap after
Heap after GC invocations=32 (full 4):
 PSYoungGen      total 467456K, used 33526K [0x00000000e0000000, 0x00000000ffe80000, 0x0000000100000000)
  eden space 412160K, 0% used [0x00000000e0000000,0x00000000e0000000,0x00000000f9280000)
  from space 55296K, 60% used [0x00000000fc880000,0x00000000fe93d910,0x00000000ffe80000)
  to   space 55296K, 0% used [0x00000000f9280000,0x00000000f9280000,0x00000000fc880000)
 ParOldGen       total 340992K, used 114693K [0x00000000a0000000, 0x00000000b4d00000, 0x00000000e0000000)
  object space 340992K, 33% used [0x00000000a0000000,0x00000000a7001688,0x00000000b4d00000)
 Metaspace       used 93675K, capacity 97724K, committed 99160K, reserved 1136640K
  class space    used 11647K, capacity 12511K, committed 12928K, reserved 1048576K
}
Event: 976.579 GC heap before
{Heap before GC invocations=33 (full 4):
 PSYoungGen      total 467456K, used 445686K [0x00000000e0000000, 0x00000000ffe80000, 0x0000000100000000)
  eden space 412160K, 100% used [0x00000000e0000000,0x00000000f9280000,0x00000000f9280000)
  from space 55296K, 60% used [0x00000000fc880000,0x00000000fe93d910,0x00000000ffe80000)
  to   space 55296K, 0% used [0x00000000f9280000,0x00000000f9280000,0x00000000fc880000)
 ParOldGen       total 340992K, used 114791K [0x00000000a0000000, 0x00000000b4d00000, 0x00000000e0000000)
  object space 340992K, 33% used [0x00000000a0000000,0x00000000a7019f28,0x00000000b4d00000)
 Metaspace       used 93829K, capacity 97868K, committed 99160K, reserved 1136640K
  class space    used 11647K, capacity 12511K, committed 12928K, reserved 1048576K
Event: 976.603 GC heap after
Heap after GC invocations=33 (full 4):
 PSYoungGen      total 453120K, used 40918K [0x00000000e0000000, 0x0000000100000000, 0x0000000100000000)
  eden space 412160K, 0% used [0x00000000e0000000,0x00000000e0000000,0x00000000f9280000)
  from space 40960K, 99% used [0x00000000f9280000,0x00000000fba75b68,0x00000000fba80000)
  to   space 58368K, 0% used [0x00000000fc700000,0x00000000fc700000,0x0000000100000000)
 ParOldGen       total 340992K, used 114799K [0x00000000a0000000, 0x00000000b4d00000, 0x00000000e0000000)
  object space 340992K, 33% used [0x00000000a0000000,0x00000000a701bf28,0x00000000b4d00000)
 Metaspace       used 93829K, capacity 97868K, committed 99160K, reserved 1136640K
  class space    used 11647K, capacity 12511K, committed 12928K, reserved 1048576K
}
Event: 976.838 GC heap before
{Heap before GC invocations=34 (full 4):
 PSYoungGen      total 453120K, used 453078K [0x00000000e0000000, 0x0000000100000000, 0x0000000100000000)
  eden space 412160K, 100% used [0x00000000e0000000,0x00000000f9280000,0x00000000f9280000)
  from space 40960K, 99% used [0x00000000f9280000,0x00000000fba75b68,0x00000000fba80000)
  to   space 58368K, 0% used [0x00000000fc700000,0x00000000fc700000,0x0000000100000000)
 ParOldGen       total 340992K, used 114825K [0x00000000a0000000, 0x00000000b4d00000, 0x00000000e0000000)
  object space 340992K, 33% used [0x00000000a0000000,0x00000000a7022670,0x00000000b4d00000)
 Metaspace       used 93996K, capacity 98026K, committed 99416K, reserved 1136640K
  class space    used 11648K, capacity 12512K, committed 12928K, reserved 1048576K
Event: 976.860 GC heap after
Heap after GC invocations=34 (full 4):
 PSYoungGen      total 464896K, used 37392K [0x00000000e0000000, 0x0000000100000000, 0x0000000100000000)
  eden space 406528K, 0% used [0x00000000e0000000,0x00000000e0000000,0x00000000f8d00000)
  from space 58368K, 64% used [0x00000000fc700000,0x00000000feb84290,0x0000000100000000)
  to   space 58880K, 0% used [0x00000000f8d00000,0x00000000f8d00000,0x00000000fc680000)
 ParOldGen       total 340992K, used 129138K [0x00000000a0000000, 0x00000000b4d00000, 0x00000000e0000000)
  object space 340992K, 37% used [0x00000000a0000000,0x00000000a7e1cbd8,0x00000000b4d00000)
 Metaspace       used 93996K, capacity 98026K, committed 99416K, reserved 1136640K
  class space    used 11648K, capacity 12512K, committed 12928K, reserved 1048576K
}

Deoptimization events (10 events):
Event: 976.502 Thread 0x0000000026b19000 Uncommon trap: reason=array_check action=maybe_recompile pc=0x0000000006d38088 method=java.util.TimSort.reverseRange([Ljava/lang/Object;II)V @ 27
Event: 976.633 Thread 0x0000000028cda000 Uncommon trap: reason=class_check action=maybe_recompile pc=0x00000000069e7744 method=com.android.tools.r8.ir.regalloc.LinearScanRegisterAllocator.needsLongResultOverlappingLongOperandsWorkaround(Lcom/android/tools/r8/ir/regalloc/LiveIntervals;)Z @ 73
Event: 976.633 Thread 0x0000000028cda000 Uncommon trap: reason=class_check action=maybe_recompile pc=0x00000000069e7744 method=com.android.tools.r8.ir.regalloc.LinearScanRegisterAllocator.needsLongResultOverlappingLongOperandsWorkaround(Lcom/android/tools/r8/ir/regalloc/LiveIntervals;)Z @ 73
Event: 976.635 Thread 0x0000000028cda000 Uncommon trap: reason=class_check action=maybe_recompile pc=0x00000000069e7744 method=com.android.tools.r8.ir.regalloc.LinearScanRegisterAllocator.needsLongResultOverlappingLongOperandsWorkaround(Lcom/android/tools/r8/ir/regalloc/LiveIntervals;)Z @ 73
Event: 976.635 Thread 0x0000000028cda000 Uncommon trap: reason=class_check action=maybe_recompile pc=0x00000000069e7744 method=com.android.tools.r8.ir.regalloc.LinearScanRegisterAllocator.needsLongResultOverlappingLongOperandsWorkaround(Lcom/android/tools/r8/ir/regalloc/LiveIntervals;)Z @ 73
Event: 976.682 Thread 0x000000001ee46000 Uncommon trap: reason=class_check action=maybe_recompile pc=0x0000000006dad3bc method=com.android.tools.r8.ir.regalloc.LinearScanRegisterAllocator.needsLongResultOverlappingLongOperandsWorkaround(Lcom/android/tools/r8/ir/regalloc/LiveIntervals;)Z @ 73
Event: 976.800 Thread 0x0000000028cda800 Uncommon trap: reason=unstable_if action=reinterpret pc=0x0000000006a566f0 method=com.android.tools.r8.ir.conversion.JarSourceCode.getTryHandlers(Lcom/android/tools/r8/org/objectweb/asm/tree/AbstractInsnNode;)Ljava/util/List; @ 80
Event: 976.813 Thread 0x0000000028cda800 Uncommon trap: reason=unstable_if action=reinterpret pc=0x0000000006d7f610 method=com.android.tools.r8.ir.code.Value.isDead(Lcom/android/tools/r8/utils/InternalOptions;Ljava/util/Set;)Z @ 159
Event: 976.865 Thread 0x0000000028cdf000 Uncommon trap: reason=unstable_if action=reinterpret pc=0x0000000006e402c8 method=com.android.tools.r8.ir.regalloc.LinearScanRegisterAllocator.needsLongResultOverlappingLongOperandsWorkaround(Lcom/android/tools/r8/ir/regalloc/LiveIntervals;)Z @ 96
Event: 976.888 Thread 0x0000000028cdd800 Uncommon trap: reason=unstable_if action=reinterpret pc=0x000000000394dd54 method=java.util.HashMap.getNode(ILjava/lang/Object;)Ljava/util/HashMap$Node; @ 84

Classes redefined (0 events):
No events

Internal exceptions (10 events):
Event: 973.769 Thread 0x00000000210ec800 Exception <a 'sun/nio/fs/WindowsException'> (0x00000000eb655500) thrown at [D:\src\AOSP-openjdk-cygwin\jdk8u\hotspot\src\share\vm\prims\jni.cpp, line 709]
Event: 973.775 Thread 0x00000000210ec800 Exception <a 'sun/nio/fs/WindowsException'> (0x00000000ec2b70c0) thrown at [D:\src\AOSP-openjdk-cygwin\jdk8u\hotspot\src\share\vm\prims\jni.cpp, line 709]
Event: 973.775 Thread 0x00000000210ec800 Exception <a 'sun/nio/fs/WindowsException'> (0x00000000ec2b7c28) thrown at [D:\src\AOSP-openjdk-cygwin\jdk8u\hotspot\src\share\vm\prims\jni.cpp, line 709]
Event: 973.775 Thread 0x00000000210ec800 Exception <a 'sun/nio/fs/WindowsException'> (0x00000000ec2b9180) thrown at [D:\src\AOSP-openjdk-cygwin\jdk8u\hotspot\src\share\vm\prims\jni.cpp, line 709]
Event: 973.781 Thread 0x00000000210ec800 Exception <a 'sun/nio/fs/WindowsException'> (0x00000000ec2e8a20) thrown at [D:\src\AOSP-openjdk-cygwin\jdk8u\hotspot\src\share\vm\prims\jni.cpp, line 709]
Event: 973.781 Thread 0x00000000210ec800 Exception <a 'sun/nio/fs/WindowsException'> (0x00000000ec2e9588) thrown at [D:\src\AOSP-openjdk-cygwin\jdk8u\hotspot\src\share\vm\prims\jni.cpp, line 709]
Event: 973.781 Thread 0x00000000210ec800 Exception <a 'sun/nio/fs/WindowsException'> (0x00000000ec2eaae0) thrown at [D:\src\AOSP-openjdk-cygwin\jdk8u\hotspot\src\share\vm\prims\jni.cpp, line 709]
Event: 973.786 Thread 0x00000000210ec800 Exception <a 'sun/nio/fs/WindowsException'> (0x00000000ec317948) thrown at [D:\src\AOSP-openjdk-cygwin\jdk8u\hotspot\src\share\vm\prims\jni.cpp, line 709]
Event: 973.786 Thread 0x00000000210ec800 Exception <a 'sun/nio/fs/WindowsException'> (0x00000000ec3184b0) thrown at [D:\src\AOSP-openjdk-cygwin\jdk8u\hotspot\src\share\vm\prims\jni.cpp, line 709]
Event: 973.786 Thread 0x00000000210ec800 Exception <a 'sun/nio/fs/WindowsException'> (0x00000000ec319a08) thrown at [D:\src\AOSP-openjdk-cygwin\jdk8u\hotspot\src\share\vm\prims\jni.cpp, line 709]

Events (10 events):
Event: 977.023 Thread 0x0000000028ce0000 DEOPT PACKING pc=0x000000000686b393 sp=0x0000000040baea10
Event: 977.023 Thread 0x0000000028ce0000 DEOPT UNPACKING pc=0x0000000002dc71d0 sp=0x0000000040bae710 mode 0
Event: 977.025 Thread 0x0000000028cd7800 DEOPT PACKING pc=0x0000000006c22d6b sp=0x000000003d2ae930
Event: 977.025 Thread 0x0000000028cd7800 DEOPT UNPACKING pc=0x0000000002dc71d0 sp=0x000000003d2ae698 mode 0
Event: 977.030 Thread 0x0000000028cdd800 DEOPT PACKING pc=0x0000000006d6cdaa sp=0x0000000040cae1b0
Event: 977.030 Thread 0x0000000028cdd800 DEOPT UNPACKING pc=0x0000000002dc71d0 sp=0x0000000040cadf38 mode 0
Event: 977.034 Thread 0x0000000026b1a800 DEOPT PACKING pc=0x0000000006d6cdaa sp=0x0000000041eae620
Event: 977.034 Thread 0x0000000026b1a800 DEOPT UNPACKING pc=0x0000000002dc71d0 sp=0x0000000041eae3a8 mode 0
Event: 977.038 Thread 0x000000001e937000 DEOPT PACKING pc=0x00000000032e2f2b sp=0x000000003c1aee50
Event: 977.038 Thread 0x000000001e937000 DEOPT UNPACKING pc=0x0000000002dc71d0 sp=0x000000003c1aec38 mode 0


Dynamic libraries:
0x00007ff6ea720000 - 0x00007ff6ea751000 	C:\Program Files\Android\Android Studio\jre\bin\java.exe
0x00007ff9b7d10000 - 0x00007ff9b7ef1000 	C:\WINDOWS\SYSTEM32\ntdll.dll
0x00007ff9b6d20000 - 0x00007ff9b6dd2000 	C:\WINDOWS\System32\KERNEL32.DLL
0x00007ff9b40e0000 - 0x00007ff9b4353000 	C:\WINDOWS\System32\KERNELBASE.dll
0x00007ff9b7b60000 - 0x00007ff9b7c01000 	C:\WINDOWS\System32\ADVAPI32.dll
0x00007ff9b7950000 - 0x00007ff9b79ee000 	C:\WINDOWS\System32\msvcrt.dll
0x00007ff9b7b00000 - 0x00007ff9b7b5b000 	C:\WINDOWS\System32\sechost.dll
0x00007ff9b6bf0000 - 0x00007ff9b6d14000 	C:\WINDOWS\System32\RPCRT4.dll
0x00007ff9b71a0000 - 0x00007ff9b7330000 	C:\WINDOWS\System32\USER32.dll
0x00007ff9b4820000 - 0x00007ff9b4840000 	C:\WINDOWS\System32\win32u.dll
0x00007ff9b6a50000 - 0x00007ff9b6a78000 	C:\WINDOWS\System32\GDI32.dll
0x00007ff9b44e0000 - 0x00007ff9b4672000 	C:\WINDOWS\System32\gdi32full.dll
0x00007ff9b4680000 - 0x00007ff9b471f000 	C:\WINDOWS\System32\msvcp_win.dll
0x00007ff9b4360000 - 0x00007ff9b445a000 	C:\WINDOWS\System32\ucrtbase.dll
0x00007ff9a72d0000 - 0x00007ff9a7539000 	C:\WINDOWS\WinSxS\amd64_microsoft.windows.common-controls_6595b64144ccf1df_6.0.17134.376_none_fb439a3730647da2\COMCTL32.dll
0x00007ff9b6df0000 - 0x00007ff9b7113000 	C:\WINDOWS\System32\combase.dll
0x00007ff9b4460000 - 0x00007ff9b44da000 	C:\WINDOWS\System32\bcryptPrimitives.dll
0x00007ff9b7920000 - 0x00007ff9b794d000 	C:\WINDOWS\System32\IMM32.DLL
0x0000000056760000 - 0x0000000056832000 	C:\Program Files\Android\Android Studio\jre\jre\bin\msvcr100.dll
0x0000000056920000 - 0x0000000057161000 	C:\Program Files\Android\Android Studio\jre\jre\bin\server\jvm.dll
0x00007ff9b7cd0000 - 0x00007ff9b7cd8000 	C:\WINDOWS\System32\PSAPI.DLL
0x00007ff9b0660000 - 0x00007ff9b0669000 	C:\WINDOWS\SYSTEM32\WSOCK32.dll
0x00007ff9aa420000 - 0x00007ff9aa443000 	C:\WINDOWS\SYSTEM32\WINMM.dll
0x00007ff9b2c50000 - 0x00007ff9b2c5a000 	C:\WINDOWS\SYSTEM32\VERSION.dll
0x00007ff9b69e0000 - 0x00007ff9b6a4c000 	C:\WINDOWS\System32\WS2_32.dll
0x00007ff9aa350000 - 0x00007ff9aa37a000 	C:\WINDOWS\SYSTEM32\winmmbase.dll
0x00007ff9b4720000 - 0x00007ff9b4769000 	C:\WINDOWS\System32\cfgmgr32.dll
0x00007ff9b0650000 - 0x00007ff9b065f000 	C:\Program Files\Android\Android Studio\jre\jre\bin\verify.dll
0x00007ff9ad390000 - 0x00007ff9ad3b9000 	C:\Program Files\Android\Android Studio\jre\jre\bin\java.dll
0x00007ff9ad330000 - 0x00007ff9ad346000 	C:\Program Files\Android\Android Studio\jre\jre\bin\zip.dll
0x00007ff9b51a0000 - 0x00007ff9b65df000 	C:\WINDOWS\System32\SHELL32.dll
0x00007ff9b7a50000 - 0x00007ff9b7af9000 	C:\WINDOWS\System32\shcore.dll
0x00007ff9b4a90000 - 0x00007ff9b519d000 	C:\WINDOWS\System32\windows.storage.dll
0x00007ff9b79f0000 - 0x00007ff9b7a41000 	C:\WINDOWS\System32\shlwapi.dll
0x00007ff9b40c0000 - 0x00007ff9b40d1000 	C:\WINDOWS\System32\kernel.appcore.dll
0x00007ff9b40a0000 - 0x00007ff9b40bf000 	C:\WINDOWS\System32\profapi.dll
0x00007ff9b4050000 - 0x00007ff9b409c000 	C:\WINDOWS\System32\powrprof.dll
0x00007ff9b4040000 - 0x00007ff9b404a000 	C:\WINDOWS\System32\FLTLIB.DLL
0x00007ff9acdb0000 - 0x00007ff9acdca000 	C:\Program Files\Android\Android Studio\jre\jre\bin\net.dll
0x00007ff9b38a0000 - 0x00007ff9b3906000 	C:\WINDOWS\system32\mswsock.dll
0x00007ff9acd90000 - 0x00007ff9acda1000 	C:\Program Files\Android\Android Studio\jre\jre\bin\nio.dll
0x00007ff9b1ef0000 - 0x00007ff9b1f0e000 	C:\Users\Lefteris\.gradle\native\25\windows-amd64\native-platform.dll
0x00007ff9ae790000 - 0x00007ff9ae79d000 	C:\Program Files\Android\Android Studio\jre\jre\bin\management.dll
0x00007ff9b3a50000 - 0x00007ff9b3a67000 	C:\WINDOWS\SYSTEM32\CRYPTSP.dll
0x00007ff9b3480000 - 0x00007ff9b34b3000 	C:\WINDOWS\system32\rsaenh.dll
0x00007ff9b3b80000 - 0x00007ff9b3ba5000 	C:\WINDOWS\SYSTEM32\bcrypt.dll
0x00007ff9b3f20000 - 0x00007ff9b3f48000 	C:\WINDOWS\SYSTEM32\USERENV.dll
0x00007ff9b3a70000 - 0x00007ff9b3a7b000 	C:\WINDOWS\SYSTEM32\CRYPTBASE.dll
0x00007ff9b3620000 - 0x00007ff9b3658000 	C:\WINDOWS\SYSTEM32\IPHLPAPI.DLL
0x00007ff9b65e0000 - 0x00007ff9b65e8000 	C:\WINDOWS\System32\NSI.dll
0x00007ff9af9f0000 - 0x00007ff9afa06000 	C:\WINDOWS\SYSTEM32\dhcpcsvc6.DLL
0x00007ff9af9b0000 - 0x00007ff9af9ca000 	C:\WINDOWS\SYSTEM32\dhcpcsvc.DLL
0x00007ff997f80000 - 0x00007ff997fa4000 	C:\Program Files\Android\Android Studio\jre\jre\bin\sunec.dll
0x00007ff9b3660000 - 0x00007ff9b371e000 	C:\WINDOWS\SYSTEM32\DNSAPI.dll
0x00007ff9ae270000 - 0x00007ff9ae27a000 	C:\Windows\System32\rasadhlp.dll
0x00007ff9aeaa0000 - 0x00007ff9aeb12000 	C:\WINDOWS\System32\fwpuclnt.dll
0x00007ff9ad4a0000 - 0x00007ff9ad4ab000 	C:\Program Files\Android\Android Studio\jre\jre\bin\sunmscapi.dll
0x00007ff9b48a0000 - 0x00007ff9b4a82000 	C:\WINDOWS\System32\CRYPT32.dll
0x00007ff9b4020000 - 0x00007ff9b4032000 	C:\WINDOWS\System32\MSASN1.dll
0x00007ff9830e0000 - 0x00007ff983277000 	C:\Program Files\Android\Android Studio\jre\jre\bin\awt.dll
0x00007ff9b6a80000 - 0x00007ff9b6b42000 	C:\WINDOWS\System32\OLEAUT32.dll
0x00007ff9b1130000 - 0x00007ff9b16f7000 	C:\WINDOWS\SYSTEM32\d2d1.dll
0x00007ff9b1f60000 - 0x00007ff9b1feb000 	C:\WINDOWS\SYSTEM32\apphelp.dll
0x00007ff9b23e0000 - 0x00007ff9b2409000 	C:\WINDOWS\system32\DWMAPI.DLL
0x00007ff9b2090000 - 0x00007ff9b2128000 	C:\WINDOWS\system32\uxtheme.dll
0x00007ff9ab0b0000 - 0x00007ff9ab279000 	C:\WINDOWS\SYSTEM32\dbghelp.dll

VM Arguments:
jvm_args: -Xmx1536m -Dfile.encoding=windows-1253 -Duser.country=US -Duser.language=en -Duser.variant 
java_command: org.gradle.launcher.daemon.bootstrap.GradleDaemon 4.4
java_class_path (initial): C:\Users\Lefteris\.gradle\wrapper\dists\gradle-4.4-all\9br9xq1tocpiv8o6njlyu5op1\gradle-4.4\lib\gradle-launcher-4.4.jar
Launcher Type: SUN_STANDARD

Environment Variables:
PATH=C:\ProgramData\Oracle\Java\javapath;C:\Program Files\Java\jdk-9.0.4\bin;C:\WINDOWS;C:\WINDOWS\System32\Wbem;C:\WINDOWS\System32\WindowsPowerShell\v1.0\;C:\WINDOWS\system32;;C:\WINDOWS\System32\OpenSSH\;C:\Program Files (x86)\NVIDIA Corporation\PhysX\Common;C:\Users\Lefteris\AppData\Local\Programs\Python\Python36-32\Scripts\;C:\Users\Lefteris\AppData\Local\Programs\Python\Python36-32\;C:\Users\Lefteris\AppData\Local\Microsoft\WindowsApps;
USERNAME=Lefteris
OS=Windows_NT
PROCESSOR_IDENTIFIER=AMD64 Family 23 Model 1 Stepping 1, AuthenticAMD



---------------  S Y S T E M  ---------------

OS: Windows 10.0 , 64 bit Build 17134 (10.0.17134.1)

CPU:total 16 (initial active 16) (16 cores per cpu, 1 threads per core) family 23 model 1 stepping 1, cmov, cx8, fxsr, mmx, sse, sse2, sse3, ssse3, sse4.1, sse4.2, popcnt, avx, avx2, aes, clmul, mmxext, 3dnowpref, lzcnt, sse4a, tsc, tscinvbit, tscinv, bmi1

Memory: 4k page, physical 16710256k(7254764k free), swap 19200624k(4678472k free)

vm_info: OpenJDK 64-Bit Server VM (25.152-b06) for windows-amd64 JRE (1.8.0_152-release-1136-b06), built by "builder" with MS VC++ 10.0 (VS2010)

time: Thu Nov 08 19:26:35 2018
elapsed time: 977 seconds (0d 0h 16m 17s)

